{"/Users/bglogowski/Documents/courses/react-complete/expenses/src/actions/expenses.jsx": {"path":"/Users/bglogowski/Documents/courses/react-complete/expenses/src/actions/expenses.jsx","statementMap":{"0":{"start":{"line":3,"column":26},"end":{"line":19,"column":2}},"1":{"start":{"line":10,"column":6},"end":{"line":19,"column":1}},"2":{"start":{"line":21,"column":29},"end":{"line":24,"column":2}},"3":{"start":{"line":21,"column":40},"end":{"line":24,"column":1}},"4":{"start":{"line":26,"column":27},"end":{"line":30,"column":2}},"5":{"start":{"line":26,"column":45},"end":{"line":30,"column":1}}},"fnMap":{"0":{"name":"(anonymous_0)","decl":{"start":{"line":3,"column":26},"end":{"line":3,"column":27}},"loc":{"start":{"line":10,"column":6},"end":{"line":19,"column":1}},"line":10},"1":{"name":"(anonymous_1)","decl":{"start":{"line":21,"column":29},"end":{"line":21,"column":30}},"loc":{"start":{"line":21,"column":40},"end":{"line":24,"column":1}},"line":21},"2":{"name":"(anonymous_2)","decl":{"start":{"line":26,"column":27},"end":{"line":26,"column":28}},"loc":{"start":{"line":26,"column":45},"end":{"line":30,"column":1}},"line":26}},"branchMap":{"0":{"loc":{"start":{"line":4,"column":2},"end":{"line":9,"column":8}},"type":"default-arg","locations":[{"start":{"line":9,"column":6},"end":{"line":9,"column":8}}],"line":4},"1":{"loc":{"start":{"line":5,"column":4},"end":{"line":5,"column":20}},"type":"default-arg","locations":[{"start":{"line":5,"column":18},"end":{"line":5,"column":20}}],"line":5},"2":{"loc":{"start":{"line":6,"column":4},"end":{"line":6,"column":13}},"type":"default-arg","locations":[{"start":{"line":6,"column":11},"end":{"line":6,"column":13}}],"line":6},"3":{"loc":{"start":{"line":7,"column":4},"end":{"line":7,"column":14}},"type":"default-arg","locations":[{"start":{"line":7,"column":13},"end":{"line":7,"column":14}}],"line":7},"4":{"loc":{"start":{"line":8,"column":4},"end":{"line":8,"column":17}},"type":"default-arg","locations":[{"start":{"line":8,"column":16},"end":{"line":8,"column":17}}],"line":8}},"s":{"0":2,"1":2,"2":2,"3":1,"4":2,"5":1},"f":{"0":2,"1":1,"2":1},"b":{"0":[1],"1":[1],"2":[1],"3":[1],"4":[1]},"_coverageSchema":"332fd63041d2c1bcb487cc26dd0d5f7d97098a6c","hash":"a14e8926799a32b3b3c14fa9f90c0066932510f9"}
,"/Users/bglogowski/Documents/courses/react-complete/expenses/src/actions/filters.jsx": {"path":"/Users/bglogowski/Documents/courses/react-complete/expenses/src/actions/filters.jsx","statementMap":{"0":{"start":{"line":1,"column":29},"end":{"line":4,"column":2}},"1":{"start":{"line":1,"column":45},"end":{"line":4,"column":1}},"2":{"start":{"line":6,"column":26},"end":{"line":8,"column":2}},"3":{"start":{"line":6,"column":33},"end":{"line":8,"column":1}},"4":{"start":{"line":10,"column":28},"end":{"line":12,"column":2}},"5":{"start":{"line":10,"column":35},"end":{"line":12,"column":1}},"6":{"start":{"line":14,"column":28},"end":{"line":17,"column":2}},"7":{"start":{"line":14,"column":44},"end":{"line":17,"column":1}},"8":{"start":{"line":19,"column":26},"end":{"line":22,"column":2}},"9":{"start":{"line":19,"column":40},"end":{"line":22,"column":1}}},"fnMap":{"0":{"name":"(anonymous_0)","decl":{"start":{"line":1,"column":29},"end":{"line":1,"column":30}},"loc":{"start":{"line":1,"column":45},"end":{"line":4,"column":1}},"line":1},"1":{"name":"(anonymous_1)","decl":{"start":{"line":6,"column":26},"end":{"line":6,"column":27}},"loc":{"start":{"line":6,"column":33},"end":{"line":8,"column":1}},"line":6},"2":{"name":"(anonymous_2)","decl":{"start":{"line":10,"column":28},"end":{"line":10,"column":29}},"loc":{"start":{"line":10,"column":35},"end":{"line":12,"column":1}},"line":10},"3":{"name":"(anonymous_3)","decl":{"start":{"line":14,"column":28},"end":{"line":14,"column":29}},"loc":{"start":{"line":14,"column":44},"end":{"line":17,"column":1}},"line":14},"4":{"name":"(anonymous_4)","decl":{"start":{"line":19,"column":26},"end":{"line":19,"column":27}},"loc":{"start":{"line":19,"column":40},"end":{"line":22,"column":1}},"line":19}},"branchMap":{"0":{"loc":{"start":{"line":1,"column":30},"end":{"line":1,"column":39}},"type":"default-arg","locations":[{"start":{"line":1,"column":37},"end":{"line":1,"column":39}}],"line":1}},"s":{"0":2,"1":2,"2":2,"3":1,"4":2,"5":1,"6":2,"7":1,"8":2,"9":1},"f":{"0":2,"1":1,"2":1,"3":1,"4":1},"b":{"0":[1]},"_coverageSchema":"332fd63041d2c1bcb487cc26dd0d5f7d97098a6c","hash":"1ed6d927379674cdaef4a72e421e039ddee5e32a"}
,"/Users/bglogowski/Documents/courses/react-complete/expenses/src/components/AddExpensePage.jsx": {"path":"/Users/bglogowski/Documents/courses/react-complete/expenses/src/components/AddExpensePage.jsx","statementMap":{"0":{"start":{"line":8,"column":4},"end":{"line":8,"column":35}},"1":{"start":{"line":9,"column":4},"end":{"line":9,"column":33}},"2":{"start":{"line":12,"column":4},"end":{"line":19,"column":5}},"3":{"start":{"line":23,"column":27},"end":{"line":25,"column":2}},"4":{"start":{"line":23,"column":42},"end":{"line":25,"column":1}},"5":{"start":{"line":24,"column":27},"end":{"line":24,"column":56}}},"fnMap":{"0":{"name":"(anonymous_0)","decl":{"start":{"line":7,"column":13},"end":{"line":7,"column":14}},"loc":{"start":{"line":7,"column":26},"end":{"line":10,"column":3}},"line":7},"1":{"name":"(anonymous_1)","decl":{"start":{"line":11,"column":2},"end":{"line":11,"column":3}},"loc":{"start":{"line":11,"column":11},"end":{"line":20,"column":3}},"line":11},"2":{"name":"(anonymous_2)","decl":{"start":{"line":23,"column":27},"end":{"line":23,"column":28}},"loc":{"start":{"line":23,"column":42},"end":{"line":25,"column":1}},"line":23},"3":{"name":"(anonymous_3)","decl":{"start":{"line":24,"column":14},"end":{"line":24,"column":15}},"loc":{"start":{"line":24,"column":27},"end":{"line":24,"column":56}},"line":24}},"branchMap":{},"s":{"0":1,"1":1,"2":2,"3":1,"4":0,"5":0},"f":{"0":1,"1":2,"2":0,"3":0},"b":{},"_coverageSchema":"332fd63041d2c1bcb487cc26dd0d5f7d97098a6c","hash":"e7e94f4ceddb1c9228686446c650c398439ee4c9"}
,"/Users/bglogowski/Documents/courses/react-complete/expenses/src/components/ExpenseDashboardPage.jsx": {"path":"/Users/bglogowski/Documents/courses/react-complete/expenses/src/components/ExpenseDashboardPage.jsx","statementMap":{"0":{"start":{"line":5,"column":29},"end":{"line":10,"column":1}},"1":{"start":{"line":6,"column":2},"end":{"line":9,"column":8}}},"fnMap":{"0":{"name":"(anonymous_0)","decl":{"start":{"line":5,"column":29},"end":{"line":5,"column":30}},"loc":{"start":{"line":6,"column":2},"end":{"line":9,"column":8}},"line":6}},"branchMap":{},"s":{"0":1,"1":1},"f":{"0":1},"b":{},"_coverageSchema":"332fd63041d2c1bcb487cc26dd0d5f7d97098a6c","hash":"724c89f655bea330389c623070c5a7871c1c9536"}
,"/Users/bglogowski/Documents/courses/react-complete/expenses/src/components/ExpenseForm.jsx": {"path":"/Users/bglogowski/Documents/courses/react-complete/expenses/src/components/ExpenseForm.jsx","statementMap":{"0":{"start":{"line":8,"column":4},"end":{"line":8,"column":17}},"1":{"start":{"line":9,"column":4},"end":{"line":16,"column":5}},"2":{"start":{"line":19,"column":24},"end":{"line":19,"column":38}},"3":{"start":{"line":20,"column":4},"end":{"line":22,"column":7}},"4":{"start":{"line":20,"column":25},"end":{"line":22,"column":5}},"5":{"start":{"line":25,"column":19},"end":{"line":25,"column":33}},"6":{"start":{"line":26,"column":4},"end":{"line":28,"column":5}},"7":{"start":{"line":27,"column":6},"end":{"line":27,"column":38}},"8":{"start":{"line":27,"column":27},"end":{"line":27,"column":35}},"9":{"start":{"line":31,"column":17},"end":{"line":31,"column":31}},"10":{"start":{"line":32,"column":4},"end":{"line":34,"column":7}},"11":{"start":{"line":32,"column":25},"end":{"line":34,"column":5}},"12":{"start":{"line":37,"column":4},"end":{"line":39,"column":5}},"13":{"start":{"line":38,"column":6},"end":{"line":38,"column":41}},"14":{"start":{"line":38,"column":27},"end":{"line":38,"column":38}},"15":{"start":{"line":42,"column":4},"end":{"line":42,"column":53}},"16":{"start":{"line":42,"column":25},"end":{"line":42,"column":51}},"17":{"start":{"line":45,"column":4},"end":{"line":45,"column":23}},"18":{"start":{"line":46,"column":4},"end":{"line":57,"column":5}},"19":{"start":{"line":47,"column":6},"end":{"line":47,"column":70}},"20":{"start":{"line":47,"column":27},"end":{"line":47,"column":68}},"21":{"start":{"line":49,"column":6},"end":{"line":49,"column":41}},"22":{"start":{"line":49,"column":27},"end":{"line":49,"column":38}},"23":{"start":{"line":50,"column":6},"end":{"line":55,"column":9}},"24":{"start":{"line":56,"column":6},"end":{"line":56,"column":113}},"25":{"start":{"line":56,"column":50},"end":{"line":56,"column":110}},"26":{"start":{"line":60,"column":4},"end":{"line":94,"column":8}},"27":{"start":{"line":83,"column":34},"end":{"line":83,"column":39}}},"fnMap":{"0":{"name":"(anonymous_0)","decl":{"start":{"line":7,"column":2},"end":{"line":7,"column":3}},"loc":{"start":{"line":7,"column":21},"end":{"line":17,"column":3}},"line":7},"1":{"name":"(anonymous_1)","decl":{"start":{"line":18,"column":24},"end":{"line":18,"column":25}},"loc":{"start":{"line":18,"column":31},"end":{"line":23,"column":3}},"line":18},"2":{"name":"(anonymous_2)","decl":{"start":{"line":20,"column":18},"end":{"line":20,"column":19}},"loc":{"start":{"line":20,"column":25},"end":{"line":22,"column":5}},"line":20},"3":{"name":"(anonymous_3)","decl":{"start":{"line":24,"column":19},"end":{"line":24,"column":20}},"loc":{"start":{"line":24,"column":26},"end":{"line":29,"column":3}},"line":24},"4":{"name":"(anonymous_4)","decl":{"start":{"line":27,"column":20},"end":{"line":27,"column":21}},"loc":{"start":{"line":27,"column":27},"end":{"line":27,"column":35}},"line":27},"5":{"name":"(anonymous_5)","decl":{"start":{"line":30,"column":17},"end":{"line":30,"column":18}},"loc":{"start":{"line":30,"column":24},"end":{"line":35,"column":3}},"line":30},"6":{"name":"(anonymous_6)","decl":{"start":{"line":32,"column":18},"end":{"line":32,"column":19}},"loc":{"start":{"line":32,"column":25},"end":{"line":34,"column":5}},"line":32},"7":{"name":"(anonymous_7)","decl":{"start":{"line":36,"column":17},"end":{"line":36,"column":18}},"loc":{"start":{"line":36,"column":32},"end":{"line":40,"column":3}},"line":36},"8":{"name":"(anonymous_8)","decl":{"start":{"line":38,"column":20},"end":{"line":38,"column":21}},"loc":{"start":{"line":38,"column":27},"end":{"line":38,"column":38}},"line":38},"9":{"name":"(anonymous_9)","decl":{"start":{"line":41,"column":18},"end":{"line":41,"column":19}},"loc":{"start":{"line":41,"column":33},"end":{"line":43,"column":3}},"line":41},"10":{"name":"(anonymous_10)","decl":{"start":{"line":42,"column":18},"end":{"line":42,"column":19}},"loc":{"start":{"line":42,"column":25},"end":{"line":42,"column":51}},"line":42},"11":{"name":"(anonymous_11)","decl":{"start":{"line":44,"column":17},"end":{"line":44,"column":18}},"loc":{"start":{"line":44,"column":24},"end":{"line":58,"column":3}},"line":44},"12":{"name":"(anonymous_12)","decl":{"start":{"line":47,"column":20},"end":{"line":47,"column":21}},"loc":{"start":{"line":47,"column":27},"end":{"line":47,"column":68}},"line":47},"13":{"name":"(anonymous_13)","decl":{"start":{"line":49,"column":20},"end":{"line":49,"column":21}},"loc":{"start":{"line":49,"column":27},"end":{"line":49,"column":38}},"line":49},"14":{"name":"(anonymous_14)","decl":{"start":{"line":56,"column":43},"end":{"line":56,"column":44}},"loc":{"start":{"line":56,"column":50},"end":{"line":56,"column":110}},"line":56},"15":{"name":"(anonymous_15)","decl":{"start":{"line":59,"column":2},"end":{"line":59,"column":3}},"loc":{"start":{"line":59,"column":11},"end":{"line":95,"column":5}},"line":59},"16":{"name":"(anonymous_16)","decl":{"start":{"line":83,"column":28},"end":{"line":83,"column":29}},"loc":{"start":{"line":83,"column":34},"end":{"line":83,"column":39}},"line":83}},"branchMap":{"0":{"loc":{"start":{"line":10,"column":19},"end":{"line":10,"column":65}},"type":"cond-expr","locations":[{"start":{"line":10,"column":35},"end":{"line":10,"column":60}},{"start":{"line":10,"column":63},"end":{"line":10,"column":65}}],"line":10},"1":{"loc":{"start":{"line":11,"column":12},"end":{"line":11,"column":51}},"type":"cond-expr","locations":[{"start":{"line":11,"column":28},"end":{"line":11,"column":46}},{"start":{"line":11,"column":49},"end":{"line":11,"column":51}}],"line":11},"2":{"loc":{"start":{"line":12,"column":14},"end":{"line":12,"column":72}},"type":"cond-expr","locations":[{"start":{"line":12,"column":30},"end":{"line":12,"column":67}},{"start":{"line":12,"column":70},"end":{"line":12,"column":72}}],"line":12},"3":{"loc":{"start":{"line":13,"column":18},"end":{"line":13,"column":76}},"type":"cond-expr","locations":[{"start":{"line":13,"column":34},"end":{"line":13,"column":65}},{"start":{"line":13,"column":68},"end":{"line":13,"column":76}}],"line":13},"4":{"loc":{"start":{"line":26,"column":4},"end":{"line":28,"column":5}},"type":"if","locations":[{"start":{"line":26,"column":4},"end":{"line":28,"column":5}},{"start":{"line":26,"column":4},"end":{"line":28,"column":5}}],"line":26},"5":{"loc":{"start":{"line":26,"column":7},"end":{"line":26,"column":54}},"type":"binary-expr","locations":[{"start":{"line":26,"column":7},"end":{"line":26,"column":14}},{"start":{"line":26,"column":18},"end":{"line":26,"column":54}}],"line":26},"6":{"loc":{"start":{"line":37,"column":4},"end":{"line":39,"column":5}},"type":"if","locations":[{"start":{"line":37,"column":4},"end":{"line":39,"column":5}},{"start":{"line":37,"column":4},"end":{"line":39,"column":5}}],"line":37},"7":{"loc":{"start":{"line":46,"column":4},"end":{"line":57,"column":5}},"type":"if","locations":[{"start":{"line":46,"column":4},"end":{"line":57,"column":5}},{"start":{"line":46,"column":4},"end":{"line":57,"column":5}}],"line":46},"8":{"loc":{"start":{"line":46,"column":7},"end":{"line":46,"column":52}},"type":"binary-expr","locations":[{"start":{"line":46,"column":7},"end":{"line":46,"column":30}},{"start":{"line":46,"column":34},"end":{"line":46,"column":52}}],"line":46},"9":{"loc":{"start":{"line":56,"column":6},"end":{"line":56,"column":112}},"type":"binary-expr","locations":[{"start":{"line":56,"column":6},"end":{"line":56,"column":25}},{"start":{"line":56,"column":29},"end":{"line":56,"column":112}}],"line":56},"10":{"loc":{"start":{"line":62,"column":9},"end":{"line":62,"column":54}},"type":"binary-expr","locations":[{"start":{"line":62,"column":9},"end":{"line":62,"column":25}},{"start":{"line":62,"column":29},"end":{"line":62,"column":54}}],"line":62}},"s":{"0":10,"1":10,"2":1,"3":1,"4":1,"5":2,"6":2,"7":1,"8":1,"9":1,"10":1,"11":1,"12":1,"13":1,"14":1,"15":1,"16":1,"17":2,"18":2,"19":1,"20":1,"21":1,"22":1,"23":1,"24":1,"25":0,"26":17,"27":0},"f":{"0":10,"1":1,"2":1,"3":2,"4":1,"5":1,"6":1,"7":1,"8":1,"9":1,"10":1,"11":2,"12":1,"13":1,"14":0,"15":17,"16":0},"b":{"0":[2,8],"1":[2,8],"2":[2,8],"3":[2,8],"4":[1,1],"5":[2,2],"6":[1,0],"7":[1,1],"8":[2,1],"9":[1,0],"10":[17,1]},"_coverageSchema":"332fd63041d2c1bcb487cc26dd0d5f7d97098a6c","hash":"fd178100a7e3437a6a1849a978493cfe03c956f3"}
,"/Users/bglogowski/Documents/courses/react-complete/expenses/src/components/ExpenseList.jsx": {"path":"/Users/bglogowski/Documents/courses/react-complete/expenses/src/components/ExpenseList.jsx","statementMap":{"0":{"start":{"line":8,"column":27},"end":{"line":24,"column":1}},"1":{"start":{"line":9,"column":2},"end":{"line":23,"column":8}},"2":{"start":{"line":15,"column":10},"end":{"line":18,"column":16}},"3":{"start":{"line":26,"column":24},"end":{"line":30,"column":1}},"4":{"start":{"line":27,"column":2},"end":{"line":29,"column":3}}},"fnMap":{"0":{"name":"(anonymous_0)","decl":{"start":{"line":8,"column":27},"end":{"line":8,"column":28}},"loc":{"start":{"line":9,"column":2},"end":{"line":23,"column":8}},"line":9},"1":{"name":"(anonymous_1)","decl":{"start":{"line":14,"column":27},"end":{"line":14,"column":28}},"loc":{"start":{"line":15,"column":10},"end":{"line":18,"column":16}},"line":15},"2":{"name":"(anonymous_2)","decl":{"start":{"line":26,"column":24},"end":{"line":26,"column":25}},"loc":{"start":{"line":26,"column":35},"end":{"line":30,"column":1}},"line":26}},"branchMap":{"0":{"loc":{"start":{"line":11,"column":6},"end":{"line":21,"column":7}},"type":"cond-expr","locations":[{"start":{"line":12,"column":8},"end":{"line":12,"column":26}},{"start":{"line":14,"column":8},"end":{"line":20,"column":10}}],"line":11}},"s":{"0":2,"1":2,"2":3,"3":2,"4":0},"f":{"0":2,"1":3,"2":0},"b":{"0":[1,1]},"_coverageSchema":"332fd63041d2c1bcb487cc26dd0d5f7d97098a6c","hash":"8f9228009e68ce2a3e4c79950ed4871d5573fefd"}
,"/Users/bglogowski/Documents/courses/react-complete/expenses/src/components/ExpenseListFilters.jsx": {"path":"/Users/bglogowski/Documents/courses/react-complete/expenses/src/components/ExpenseListFilters.jsx","statementMap":{"0":{"start":{"line":10,"column":4},"end":{"line":10,"column":17}},"1":{"start":{"line":12,"column":4},"end":{"line":14,"column":5}},"2":{"start":{"line":17,"column":4},"end":{"line":17,"column":49}},"3":{"start":{"line":18,"column":4},"end":{"line":18,"column":45}},"4":{"start":{"line":21,"column":4},"end":{"line":21,"column":44}},"5":{"start":{"line":21,"column":25},"end":{"line":21,"column":42}},"6":{"start":{"line":24,"column":4},"end":{"line":55,"column":6}},"7":{"start":{"line":27,"column":10},"end":{"line":27,"column":60}},"8":{"start":{"line":32,"column":10},"end":{"line":32,"column":38}},"9":{"start":{"line":33,"column":10},"end":{"line":37,"column":11}},"10":{"start":{"line":34,"column":12},"end":{"line":34,"column":46}},"11":{"start":{"line":36,"column":12},"end":{"line":36,"column":48}},"12":{"start":{"line":52,"column":34},"end":{"line":52,"column":39}},"13":{"start":{"line":60,"column":24},"end":{"line":64,"column":1}},"14":{"start":{"line":61,"column":2},"end":{"line":63,"column":3}}},"fnMap":{"0":{"name":"(anonymous_0)","decl":{"start":{"line":9,"column":2},"end":{"line":9,"column":3}},"loc":{"start":{"line":9,"column":20},"end":{"line":15,"column":3}},"line":9},"1":{"name":"(anonymous_1)","decl":{"start":{"line":16,"column":18},"end":{"line":16,"column":19}},"loc":{"start":{"line":16,"column":44},"end":{"line":19,"column":3}},"line":16},"2":{"name":"(anonymous_2)","decl":{"start":{"line":20,"column":18},"end":{"line":20,"column":19}},"loc":{"start":{"line":20,"column":39},"end":{"line":22,"column":3}},"line":20},"3":{"name":"(anonymous_3)","decl":{"start":{"line":21,"column":18},"end":{"line":21,"column":19}},"loc":{"start":{"line":21,"column":25},"end":{"line":21,"column":42}},"line":21},"4":{"name":"(anonymous_4)","decl":{"start":{"line":23,"column":2},"end":{"line":23,"column":3}},"loc":{"start":{"line":23,"column":10},"end":{"line":56,"column":3}},"line":23},"5":{"name":"(anonymous_5)","decl":{"start":{"line":26,"column":69},"end":{"line":26,"column":70}},"loc":{"start":{"line":26,"column":76},"end":{"line":28,"column":9}},"line":26},"6":{"name":"(anonymous_6)","decl":{"start":{"line":31,"column":20},"end":{"line":31,"column":21}},"loc":{"start":{"line":31,"column":27},"end":{"line":38,"column":9}},"line":31},"7":{"name":"(anonymous_7)","decl":{"start":{"line":52,"column":28},"end":{"line":52,"column":29}},"loc":{"start":{"line":52,"column":34},"end":{"line":52,"column":39}},"line":52},"8":{"name":"(anonymous_8)","decl":{"start":{"line":60,"column":24},"end":{"line":60,"column":25}},"loc":{"start":{"line":60,"column":35},"end":{"line":64,"column":1}},"line":60}},"branchMap":{"0":{"loc":{"start":{"line":33,"column":10},"end":{"line":37,"column":11}},"type":"if","locations":[{"start":{"line":33,"column":10},"end":{"line":37,"column":11}},{"start":{"line":33,"column":10},"end":{"line":37,"column":11}}],"line":33}},"s":{"0":0,"1":0,"2":0,"3":0,"4":0,"5":0,"6":0,"7":0,"8":0,"9":0,"10":0,"11":0,"12":0,"13":1,"14":0},"f":{"0":0,"1":0,"2":0,"3":0,"4":0,"5":0,"6":0,"7":0,"8":0},"b":{"0":[0,0]},"_coverageSchema":"332fd63041d2c1bcb487cc26dd0d5f7d97098a6c","hash":"90d9952b6cc497a4836391aed10b0e8fae11a280"}
,"/Users/bglogowski/Documents/courses/react-complete/expenses/src/components/ExpenseListItem.jsx": {"path":"/Users/bglogowski/Documents/courses/react-complete/expenses/src/components/ExpenseListItem.jsx","statementMap":{"0":{"start":{"line":4,"column":24},"end":{"line":12,"column":1}},"1":{"start":{"line":5,"column":2},"end":{"line":10,"column":8}}},"fnMap":{"0":{"name":"(anonymous_0)","decl":{"start":{"line":4,"column":24},"end":{"line":4,"column":25}},"loc":{"start":{"line":5,"column":2},"end":{"line":10,"column":8}},"line":5}},"branchMap":{"0":{"loc":{"start":{"line":8,"column":5},"end":{"line":8,"column":32}},"type":"binary-expr","locations":[{"start":{"line":8,"column":5},"end":{"line":8,"column":9}},{"start":{"line":8,"column":13},"end":{"line":8,"column":32}}],"line":8}},"s":{"0":3,"1":1},"f":{"0":1},"b":{"0":[1,0]},"_coverageSchema":"332fd63041d2c1bcb487cc26dd0d5f7d97098a6c","hash":"7ead12e014636111ad58ce75ec10170449dff2c9"}
,"/Users/bglogowski/Documents/courses/react-complete/expenses/src/components/Header.jsx": {"path":"/Users/bglogowski/Documents/courses/react-complete/expenses/src/components/Header.jsx","statementMap":{"0":{"start":{"line":4,"column":15},"end":{"line":10,"column":1}},"1":{"start":{"line":5,"column":2},"end":{"line":9,"column":11}}},"fnMap":{"0":{"name":"(anonymous_0)","decl":{"start":{"line":4,"column":15},"end":{"line":4,"column":16}},"loc":{"start":{"line":5,"column":2},"end":{"line":9,"column":11}},"line":5}},"branchMap":{},"s":{"0":1,"1":1},"f":{"0":1},"b":{},"_coverageSchema":"332fd63041d2c1bcb487cc26dd0d5f7d97098a6c","hash":"e3ada742abd93a4f63198d244ab180ebbe4526aa"}
,"/Users/bglogowski/Documents/courses/react-complete/expenses/src/components/NotFoundPage.jsx": {"path":"/Users/bglogowski/Documents/courses/react-complete/expenses/src/components/NotFoundPage.jsx","statementMap":{"0":{"start":{"line":4,"column":21},"end":{"line":8,"column":1}},"1":{"start":{"line":5,"column":2},"end":{"line":7,"column":8}}},"fnMap":{"0":{"name":"(anonymous_0)","decl":{"start":{"line":4,"column":21},"end":{"line":4,"column":22}},"loc":{"start":{"line":5,"column":2},"end":{"line":7,"column":8}},"line":5}},"branchMap":{},"s":{"0":1,"1":1},"f":{"0":1},"b":{},"_coverageSchema":"332fd63041d2c1bcb487cc26dd0d5f7d97098a6c","hash":"92c3a818c5dfe765549645e3f02b55ed563db021"}
,"/Users/bglogowski/Documents/courses/react-complete/expenses/src/reducers/expenses.jsx": {"path":"/Users/bglogowski/Documents/courses/react-complete/expenses/src/reducers/expenses.jsx","statementMap":{"0":{"start":{"line":1,"column":36},"end":{"line":1,"column":38}},"1":{"start":{"line":4,"column":2},"end":{"line":22,"column":3}},"2":{"start":{"line":6,"column":6},"end":{"line":6,"column":40}},"3":{"start":{"line":8,"column":6},"end":{"line":8,"column":54}},"4":{"start":{"line":8,"column":36},"end":{"line":8,"column":52}},"5":{"start":{"line":10,"column":6},"end":{"line":19,"column":8}},"6":{"start":{"line":11,"column":8},"end":{"line":18,"column":9}},"7":{"start":{"line":12,"column":10},"end":{"line":15,"column":11}},"8":{"start":{"line":17,"column":10},"end":{"line":17,"column":25}},"9":{"start":{"line":21,"column":6},"end":{"line":21,"column":19}}},"fnMap":{"0":{"name":"(anonymous_0)","decl":{"start":{"line":3,"column":15},"end":{"line":3,"column":16}},"loc":{"start":{"line":3,"column":64},"end":{"line":23,"column":1}},"line":3},"1":{"name":"(anonymous_1)","decl":{"start":{"line":8,"column":26},"end":{"line":8,"column":27}},"loc":{"start":{"line":8,"column":36},"end":{"line":8,"column":52}},"line":8},"2":{"name":"(anonymous_2)","decl":{"start":{"line":10,"column":23},"end":{"line":10,"column":24}},"loc":{"start":{"line":10,"column":36},"end":{"line":19,"column":7}},"line":10}},"branchMap":{"0":{"loc":{"start":{"line":3,"column":16},"end":{"line":3,"column":51}},"type":"default-arg","locations":[{"start":{"line":3,"column":24},"end":{"line":3,"column":51}}],"line":3},"1":{"loc":{"start":{"line":4,"column":2},"end":{"line":22,"column":3}},"type":"switch","locations":[{"start":{"line":5,"column":4},"end":{"line":6,"column":40}},{"start":{"line":7,"column":4},"end":{"line":8,"column":54}},{"start":{"line":9,"column":4},"end":{"line":19,"column":8}},{"start":{"line":20,"column":4},"end":{"line":21,"column":19}}],"line":4},"2":{"loc":{"start":{"line":11,"column":8},"end":{"line":18,"column":9}},"type":"if","locations":[{"start":{"line":11,"column":8},"end":{"line":18,"column":9}},{"start":{"line":11,"column":8},"end":{"line":18,"column":9}}],"line":11}},"s":{"0":1,"1":6,"2":1,"3":2,"4":6,"5":2,"6":6,"7":1,"8":5,"9":1},"f":{"0":6,"1":6,"2":6},"b":{"0":[1],"1":[1,2,2,1],"2":[1,5]},"_coverageSchema":"332fd63041d2c1bcb487cc26dd0d5f7d97098a6c","hash":"959163ee323a4f65ae14fd71c8f698b80e3055af"}
,"/Users/bglogowski/Documents/courses/react-complete/expenses/src/reducers/filters.jsx": {"path":"/Users/bglogowski/Documents/courses/react-complete/expenses/src/reducers/filters.jsx","statementMap":{"0":{"start":{"line":3,"column":35},"end":{"line":8,"column":1}},"1":{"start":{"line":11,"column":2},"end":{"line":39,"column":3}},"2":{"start":{"line":13,"column":6},"end":{"line":16,"column":7}},"3":{"start":{"line":18,"column":6},"end":{"line":21,"column":7}},"4":{"start":{"line":23,"column":6},"end":{"line":26,"column":7}},"5":{"start":{"line":28,"column":6},"end":{"line":31,"column":7}},"6":{"start":{"line":33,"column":6},"end":{"line":36,"column":7}},"7":{"start":{"line":38,"column":6},"end":{"line":38,"column":19}}},"fnMap":{"0":{"name":"(anonymous_0)","decl":{"start":{"line":10,"column":15},"end":{"line":10,"column":16}},"loc":{"start":{"line":10,"column":63},"end":{"line":40,"column":1}},"line":10}},"branchMap":{"0":{"loc":{"start":{"line":10,"column":16},"end":{"line":10,"column":50}},"type":"default-arg","locations":[{"start":{"line":10,"column":24},"end":{"line":10,"column":50}}],"line":10},"1":{"loc":{"start":{"line":11,"column":2},"end":{"line":39,"column":3}},"type":"switch","locations":[{"start":{"line":12,"column":4},"end":{"line":16,"column":7}},{"start":{"line":17,"column":4},"end":{"line":21,"column":7}},{"start":{"line":22,"column":4},"end":{"line":26,"column":7}},{"start":{"line":27,"column":4},"end":{"line":31,"column":7}},{"start":{"line":32,"column":4},"end":{"line":36,"column":7}},{"start":{"line":37,"column":4},"end":{"line":38,"column":19}}],"line":11}},"s":{"0":1,"1":6,"2":1,"3":1,"4":1,"5":1,"6":1,"7":1},"f":{"0":6},"b":{"0":[5],"1":[1,1,1,1,1,1]},"_coverageSchema":"332fd63041d2c1bcb487cc26dd0d5f7d97098a6c","hash":"1e300331bd28ad1b4c91c3e146dee6aa3b07b0e2"}
,"/Users/bglogowski/Documents/courses/react-complete/expenses/src/selectors/expenses.jsx": {"path":"/Users/bglogowski/Documents/courses/react-complete/expenses/src/selectors/expenses.jsx","statementMap":{"0":{"start":{"line":4,"column":2},"end":{"line":17,"column":5}},"1":{"start":{"line":5,"column":28},"end":{"line":5,"column":53}},"2":{"start":{"line":6,"column":27},"end":{"line":6,"column":94}},"3":{"start":{"line":7,"column":25},"end":{"line":7,"column":87}},"4":{"start":{"line":8,"column":22},"end":{"line":8,"column":84}},"5":{"start":{"line":10,"column":4},"end":{"line":10,"column":55}},"6":{"start":{"line":12,"column":4},"end":{"line":16,"column":5}},"7":{"start":{"line":13,"column":6},"end":{"line":13,"column":48}},"8":{"start":{"line":14,"column":11},"end":{"line":16,"column":5}},"9":{"start":{"line":15,"column":6},"end":{"line":15,"column":41}}},"fnMap":{"0":{"name":"(anonymous_0)","decl":{"start":{"line":3,"column":15},"end":{"line":3,"column":16}},"loc":{"start":{"line":3,"column":65},"end":{"line":18,"column":1}},"line":3},"1":{"name":"(anonymous_1)","decl":{"start":{"line":4,"column":25},"end":{"line":4,"column":26}},"loc":{"start":{"line":4,"column":38},"end":{"line":11,"column":3}},"line":4},"2":{"name":"(anonymous_2)","decl":{"start":{"line":11,"column":10},"end":{"line":11,"column":11}},"loc":{"start":{"line":11,"column":20},"end":{"line":17,"column":3}},"line":11}},"branchMap":{"0":{"loc":{"start":{"line":6,"column":27},"end":{"line":6,"column":94}},"type":"cond-expr","locations":[{"start":{"line":6,"column":39},"end":{"line":6,"column":87}},{"start":{"line":6,"column":90},"end":{"line":6,"column":94}}],"line":6},"1":{"loc":{"start":{"line":7,"column":25},"end":{"line":7,"column":87}},"type":"cond-expr","locations":[{"start":{"line":7,"column":35},"end":{"line":7,"column":80}},{"start":{"line":7,"column":83},"end":{"line":7,"column":87}}],"line":7},"2":{"loc":{"start":{"line":10,"column":11},"end":{"line":10,"column":54}},"type":"binary-expr","locations":[{"start":{"line":10,"column":11},"end":{"line":10,"column":25}},{"start":{"line":10,"column":29},"end":{"line":10,"column":41}},{"start":{"line":10,"column":45},"end":{"line":10,"column":54}}],"line":10},"3":{"loc":{"start":{"line":12,"column":4},"end":{"line":16,"column":5}},"type":"if","locations":[{"start":{"line":12,"column":4},"end":{"line":16,"column":5}},{"start":{"line":12,"column":4},"end":{"line":16,"column":5}}],"line":12},"4":{"loc":{"start":{"line":13,"column":13},"end":{"line":13,"column":47}},"type":"cond-expr","locations":[{"start":{"line":13,"column":41},"end":{"line":13,"column":42}},{"start":{"line":13,"column":45},"end":{"line":13,"column":47}}],"line":13},"5":{"loc":{"start":{"line":14,"column":11},"end":{"line":16,"column":5}},"type":"if","locations":[{"start":{"line":14,"column":11},"end":{"line":16,"column":5}},{"start":{"line":14,"column":11},"end":{"line":16,"column":5}}],"line":14},"6":{"loc":{"start":{"line":15,"column":13},"end":{"line":15,"column":40}},"type":"cond-expr","locations":[{"start":{"line":15,"column":35},"end":{"line":15,"column":36}},{"start":{"line":15,"column":38},"end":{"line":15,"column":40}}],"line":15}},"s":{"0":5,"1":15,"2":15,"3":15,"4":15,"5":15,"6":9,"7":6,"8":3,"9":3},"f":{"0":5,"1":15,"2":9},"b":{"0":[3,12],"1":[3,12],"2":[15,14,13],"3":[6,3],"4":[4,2],"5":[3,0],"6":[2,1]},"_coverageSchema":"332fd63041d2c1bcb487cc26dd0d5f7d97098a6c","hash":"1892f4128b80027cab197e60633a8af3a14fb6f5"}
,"/Users/bglogowski/Documents/courses/react-complete/expenses/src/tests/setupTests.jsx": {"path":"/Users/bglogowski/Documents/courses/react-complete/expenses/src/tests/setupTests.jsx","statementMap":{"0":{"start":{"line":4,"column":0},"end":{"line":6,"column":3}}},"fnMap":{},"branchMap":{},"s":{"0":12},"f":{},"b":{},"_coverageSchema":"332fd63041d2c1bcb487cc26dd0d5f7d97098a6c","hash":"8390e16299eb5ae41bbdd1f2728eca9db55cf4aa"}
,"/Users/bglogowski/Documents/courses/react-complete/expenses/src/tests/fixtures/expenses.jsx": {"path":"/Users/bglogowski/Documents/courses/react-complete/expenses/src/tests/fixtures/expenses.jsx","statementMap":{},"fnMap":{},"branchMap":{},"s":{},"f":{},"b":{},"_coverageSchema":"332fd63041d2c1bcb487cc26dd0d5f7d97098a6c","hash":"63bb0ff4338204cd464d385f294c5f9b349a86f3"}
}
